<?xml version="1.0" encoding="UTF-8"?>
<coverage generated="1497923231">
  <project timestamp="1497923231">
    <package name="Article">
      <file name="/var/www/unfinished/packages/Article/src/ConfigProvider.php">
        <class name="ConfigProvider" namespace="Article">
          <metrics complexity="1" methods="1" coveredmethods="1" conditionals="0" coveredconditionals="0" statements="1" coveredstatements="1" elements="2" coveredelements="2"/>
        </class>
        <line num="9" type="method" name="__invoke" visibility="public" complexity="1" crap="1" count="1"/>
        <line num="12" type="stmt" count="1"/>
        <metrics loc="109" ncloc="101" classes="1" methods="1" coveredmethods="1" conditionals="0" coveredconditionals="0" statements="1" coveredstatements="1" elements="2" coveredelements="2"/>
      </file>
    </package>
    <package name="Article\Controller">
      <file name="/var/www/unfinished/packages/Article/src/Controller/DiscussionController.php">
        <class name="DiscussionController" namespace="Article\Controller">
          <metrics complexity="12" methods="5" coveredmethods="5" conditionals="0" coveredconditionals="0" statements="38" coveredstatements="38" elements="43" coveredelements="43"/>
        </class>
        <line num="42" type="method" name="__construct" visibility="public" complexity="1" crap="1" count="10"/>
        <line num="45" type="stmt" count="10"/>
        <line num="46" type="stmt" count="10"/>
        <line num="47" type="stmt" count="10"/>
        <line num="48" type="stmt" count="10"/>
        <line num="49" type="stmt" count="10"/>
        <line num="50" type="stmt" count="10"/>
        <line num="57" type="method" name="index" visibility="public" complexity="3" crap="3" count="1"/>
        <line num="59" type="stmt" count="1"/>
        <line num="60" type="stmt" count="1"/>
        <line num="61" type="stmt" count="1"/>
        <line num="63" type="stmt" count="1"/>
        <line num="65" type="stmt" count="1"/>
        <line num="75" type="method" name="edit" visibility="public" complexity="2" crap="2" count="3"/>
        <line num="77" type="stmt" count="3"/>
        <line num="78" type="stmt" count="3"/>
        <line num="79" type="stmt" count="3"/>
        <line num="81" type="stmt" count="3"/>
        <line num="82" type="stmt" count="2"/>
        <line num="83" type="stmt" count="2"/>
        <line num="86" type="stmt" count="3"/>
        <line num="87" type="stmt" count="3"/>
        <line num="88" type="stmt" count="3"/>
        <line num="89" type="stmt" count="3"/>
        <line num="90" type="stmt" count="3"/>
        <line num="94" type="method" name="save" visibility="public" complexity="4" crap="4" count="4"/>
        <line num="97" type="stmt" count="4"/>
        <line num="98" type="stmt" count="4"/>
        <line num="99" type="stmt" count="4"/>
        <line num="101" type="stmt" count="4"/>
        <line num="102" type="stmt" count="3"/>
        <line num="104" type="stmt" count="2"/>
        <line num="107" type="stmt" count="2"/>
        <line num="108" type="stmt" count="1"/>
        <line num="110" type="stmt" count="1"/>
        <line num="111" type="stmt" count="1"/>
        <line num="114" type="stmt" count="2"/>
        <line num="117" type="method" name="delete" visibility="public" complexity="2" crap="2" count="2"/>
        <line num="120" type="stmt" count="2"/>
        <line num="122" type="stmt" count="1"/>
        <line num="123" type="stmt" count="1"/>
        <line num="126" type="stmt" count="1"/>
        <line num="127" type="stmt" count="1"/>
        <metrics loc="130" ncloc="104" classes="1" methods="5" coveredmethods="5" conditionals="0" coveredconditionals="0" statements="38" coveredstatements="38" elements="43" coveredelements="43"/>
      </file>
      <file name="/var/www/unfinished/packages/Article/src/Controller/EventController.php">
        <class name="EventController" namespace="Article\Controller">
          <metrics complexity="12" methods="5" coveredmethods="5" conditionals="0" coveredconditionals="0" statements="39" coveredstatements="39" elements="44" coveredelements="44"/>
        </class>
        <line num="25" type="method" name="__construct" visibility="public" complexity="1" crap="1" count="10"/>
        <line num="27" type="stmt" count="10"/>
        <line num="28" type="stmt" count="10"/>
        <line num="29" type="stmt" count="10"/>
        <line num="30" type="stmt" count="10"/>
        <line num="31" type="stmt" count="10"/>
        <line num="32" type="stmt" count="10"/>
        <line num="34" type="method" name="index" visibility="public" complexity="3" crap="3" count="1"/>
        <line num="36" type="stmt" count="1"/>
        <line num="37" type="stmt" count="1"/>
        <line num="38" type="stmt" count="1"/>
        <line num="39" type="stmt" count="1"/>
        <line num="41" type="stmt" count="1"/>
        <line num="44" type="method" name="edit" visibility="public" complexity="2" crap="2" count="3"/>
        <line num="46" type="stmt" count="3"/>
        <line num="47" type="stmt" count="3"/>
        <line num="48" type="stmt" count="3"/>
        <line num="50" type="stmt" count="3"/>
        <line num="51" type="stmt" count="2"/>
        <line num="52" type="stmt" count="2"/>
        <line num="55" type="stmt" count="3"/>
        <line num="56" type="stmt" count="3"/>
        <line num="57" type="stmt" count="3"/>
        <line num="58" type="stmt" count="3"/>
        <line num="59" type="stmt" count="3"/>
        <line num="63" type="method" name="save" visibility="public" complexity="4" crap="4" count="4"/>
        <line num="66" type="stmt" count="4"/>
        <line num="67" type="stmt" count="4"/>
        <line num="68" type="stmt" count="4"/>
        <line num="69" type="stmt" count="4"/>
        <line num="71" type="stmt" count="4"/>
        <line num="72" type="stmt" count="3"/>
        <line num="74" type="stmt" count="2"/>
        <line num="77" type="stmt" count="2"/>
        <line num="78" type="stmt" count="1"/>
        <line num="80" type="stmt" count="1"/>
        <line num="81" type="stmt" count="1"/>
        <line num="84" type="stmt" count="2"/>
        <line num="87" type="method" name="delete" visibility="public" complexity="2" crap="2" count="2"/>
        <line num="90" type="stmt" count="2"/>
        <line num="92" type="stmt" count="1"/>
        <line num="93" type="stmt" count="1"/>
        <line num="96" type="stmt" count="1"/>
        <line num="97" type="stmt" count="1"/>
        <metrics loc="101" ncloc="101" classes="1" methods="5" coveredmethods="5" conditionals="0" coveredconditionals="0" statements="39" coveredstatements="39" elements="44" coveredelements="44"/>
      </file>
      <file name="/var/www/unfinished/packages/Article/src/Controller/PostController.php">
        <class name="PostController" namespace="Article\Controller">
          <metrics complexity="12" methods="5" coveredmethods="5" conditionals="0" coveredconditionals="0" statements="39" coveredstatements="39" elements="44" coveredelements="44"/>
        </class>
        <line num="53" type="method" name="__construct" visibility="public" complexity="1" crap="1" count="10"/>
        <line num="61" type="stmt" count="10"/>
        <line num="62" type="stmt" count="10"/>
        <line num="63" type="stmt" count="10"/>
        <line num="64" type="stmt" count="10"/>
        <line num="65" type="stmt" count="10"/>
        <line num="66" type="stmt" count="10"/>
        <line num="68" type="method" name="index" visibility="public" complexity="3" crap="3" count="1"/>
        <line num="70" type="stmt" count="1"/>
        <line num="71" type="stmt" count="1"/>
        <line num="72" type="stmt" count="1"/>
        <line num="73" type="stmt" count="1"/>
        <line num="75" type="stmt" count="1"/>
        <line num="83" type="method" name="edit" visibility="public" complexity="2" crap="2" count="3"/>
        <line num="85" type="stmt" count="3"/>
        <line num="86" type="stmt" count="3"/>
        <line num="87" type="stmt" count="3"/>
        <line num="89" type="stmt" count="3"/>
        <line num="90" type="stmt" count="2"/>
        <line num="91" type="stmt" count="2"/>
        <line num="94" type="stmt" count="3"/>
        <line num="95" type="stmt" count="3"/>
        <line num="96" type="stmt" count="3"/>
        <line num="97" type="stmt" count="3"/>
        <line num="98" type="stmt" count="3"/>
        <line num="109" type="method" name="save" visibility="public" complexity="4" crap="4" count="4"/>
        <line num="112" type="stmt" count="4"/>
        <line num="113" type="stmt" count="4"/>
        <line num="114" type="stmt" count="4"/>
        <line num="115" type="stmt" count="4"/>
        <line num="117" type="stmt" count="4"/>
        <line num="118" type="stmt" count="3"/>
        <line num="121" type="stmt" count="2"/>
        <line num="124" type="stmt" count="2"/>
        <line num="125" type="stmt" count="1"/>
        <line num="127" type="stmt" count="1"/>
        <line num="128" type="stmt" count="1"/>
        <line num="131" type="stmt" count="2"/>
        <line num="140" type="method" name="delete" visibility="public" complexity="2" crap="2" count="2"/>
        <line num="143" type="stmt" count="2"/>
        <line num="145" type="stmt" count="1"/>
        <line num="146" type="stmt" count="1"/>
        <line num="149" type="stmt" count="1"/>
        <line num="150" type="stmt" count="1"/>
        <metrics loc="153" ncloc="111" classes="1" methods="5" coveredmethods="5" conditionals="0" coveredconditionals="0" statements="39" coveredstatements="39" elements="44" coveredelements="44"/>
      </file>
      <file name="/var/www/unfinished/packages/Article/src/Controller/VideoController.php">
        <class name="VideoController" namespace="Article\Controller">
          <metrics complexity="12" methods="5" coveredmethods="5" conditionals="0" coveredconditionals="0" statements="39" coveredstatements="39" elements="44" coveredelements="44"/>
        </class>
        <line num="53" type="method" name="__construct" visibility="public" complexity="1" crap="1" count="10"/>
        <line num="61" type="stmt" count="10"/>
        <line num="62" type="stmt" count="10"/>
        <line num="63" type="stmt" count="10"/>
        <line num="64" type="stmt" count="10"/>
        <line num="65" type="stmt" count="10"/>
        <line num="66" type="stmt" count="10"/>
        <line num="68" type="method" name="index" visibility="public" complexity="3" crap="3" count="1"/>
        <line num="70" type="stmt" count="1"/>
        <line num="71" type="stmt" count="1"/>
        <line num="72" type="stmt" count="1"/>
        <line num="73" type="stmt" count="1"/>
        <line num="75" type="stmt" count="1"/>
        <line num="83" type="method" name="edit" visibility="public" complexity="2" crap="2" count="3"/>
        <line num="85" type="stmt" count="3"/>
        <line num="86" type="stmt" count="3"/>
        <line num="87" type="stmt" count="3"/>
        <line num="89" type="stmt" count="3"/>
        <line num="90" type="stmt" count="2"/>
        <line num="91" type="stmt" count="2"/>
        <line num="94" type="stmt" count="3"/>
        <line num="95" type="stmt" count="3"/>
        <line num="96" type="stmt" count="3"/>
        <line num="97" type="stmt" count="3"/>
        <line num="98" type="stmt" count="3"/>
        <line num="109" type="method" name="save" visibility="public" complexity="4" crap="4" count="4"/>
        <line num="112" type="stmt" count="4"/>
        <line num="113" type="stmt" count="4"/>
        <line num="114" type="stmt" count="4"/>
        <line num="115" type="stmt" count="4"/>
        <line num="117" type="stmt" count="4"/>
        <line num="118" type="stmt" count="3"/>
        <line num="120" type="stmt" count="2"/>
        <line num="123" type="stmt" count="2"/>
        <line num="124" type="stmt" count="1"/>
        <line num="126" type="stmt" count="1"/>
        <line num="127" type="stmt" count="1"/>
        <line num="130" type="stmt" count="2"/>
        <line num="139" type="method" name="delete" visibility="public" complexity="2" crap="2" count="2"/>
        <line num="142" type="stmt" count="2"/>
        <line num="144" type="stmt" count="1"/>
        <line num="145" type="stmt" count="1"/>
        <line num="148" type="stmt" count="1"/>
        <line num="149" type="stmt" count="1"/>
        <metrics loc="152" ncloc="110" classes="1" methods="5" coveredmethods="5" conditionals="0" coveredconditionals="0" statements="39" coveredstatements="39" elements="44" coveredelements="44"/>
      </file>
    </package>
    <package name="Article\Entity">
      <file name="/var/www/unfinished/packages/Article/src/Entity/ArticleType.php">
        <class name="ArticleType" namespace="Article\Entity">
          <metrics complexity="0" methods="0" coveredmethods="0" conditionals="0" coveredconditionals="0" statements="0" coveredstatements="0" elements="0" coveredelements="0"/>
        </class>
        <metrics loc="10" ncloc="10" classes="0" methods="0" coveredmethods="0" conditionals="0" coveredconditionals="0" statements="0" coveredstatements="0" elements="0" coveredelements="0"/>
      </file>
    </package>
    <package name="Article\Factory\Controller">
      <file name="/var/www/unfinished/packages/Article/src/Factory/Controller/DiscussionFactory.php">
        <class name="DiscussionFactory" namespace="Article\Factory\Controller">
          <metrics complexity="1" methods="1" coveredmethods="1" conditionals="0" coveredconditionals="0" statements="6" coveredstatements="6" elements="7" coveredelements="7"/>
        </class>
        <line num="15" type="method" name="__invoke" visibility="public" complexity="1" crap="1" count="1"/>
        <line num="17" type="stmt" count="1"/>
        <line num="18" type="stmt" count="1"/>
        <line num="19" type="stmt" count="1"/>
        <line num="20" type="stmt" count="1"/>
        <line num="21" type="stmt" count="1"/>
        <line num="22" type="stmt" count="1"/>
        <metrics loc="25" ncloc="25" classes="1" methods="1" coveredmethods="1" conditionals="0" coveredconditionals="0" statements="6" coveredstatements="6" elements="7" coveredelements="7"/>
      </file>
      <file name="/var/www/unfinished/packages/Article/src/Factory/Controller/EventFactory.php">
        <class name="EventFactory" namespace="Article\Factory\Controller">
          <metrics complexity="1" methods="1" coveredmethods="1" conditionals="0" coveredconditionals="0" statements="6" coveredstatements="6" elements="7" coveredelements="7"/>
        </class>
        <line num="15" type="method" name="__invoke" visibility="public" complexity="1" crap="1" count="1"/>
        <line num="17" type="stmt" count="1"/>
        <line num="18" type="stmt" count="1"/>
        <line num="19" type="stmt" count="1"/>
        <line num="20" type="stmt" count="1"/>
        <line num="21" type="stmt" count="1"/>
        <line num="22" type="stmt" count="1"/>
        <metrics loc="25" ncloc="25" classes="1" methods="1" coveredmethods="1" conditionals="0" coveredconditionals="0" statements="6" coveredstatements="6" elements="7" coveredelements="7"/>
      </file>
      <file name="/var/www/unfinished/packages/Article/src/Factory/Controller/PostFactory.php">
        <class name="PostFactory" namespace="Article\Factory\Controller">
          <metrics complexity="1" methods="1" coveredmethods="1" conditionals="0" coveredconditionals="0" statements="6" coveredstatements="6" elements="7" coveredelements="7"/>
        </class>
        <line num="16" type="method" name="__invoke" visibility="public" complexity="1" crap="1" count="1"/>
        <line num="18" type="stmt" count="1"/>
        <line num="19" type="stmt" count="1"/>
        <line num="20" type="stmt" count="1"/>
        <line num="21" type="stmt" count="1"/>
        <line num="22" type="stmt" count="1"/>
        <line num="23" type="stmt" count="1"/>
        <metrics loc="26" ncloc="26" classes="1" methods="1" coveredmethods="1" conditionals="0" coveredconditionals="0" statements="6" coveredstatements="6" elements="7" coveredelements="7"/>
      </file>
      <file name="/var/www/unfinished/packages/Article/src/Factory/Controller/VideoFactory.php">
        <class name="VideoFactory" namespace="Article\Factory\Controller">
          <metrics complexity="1" methods="1" coveredmethods="1" conditionals="0" coveredconditionals="0" statements="6" coveredstatements="6" elements="7" coveredelements="7"/>
        </class>
        <line num="16" type="method" name="__invoke" visibility="public" complexity="1" crap="1" count="1"/>
        <line num="18" type="stmt" count="1"/>
        <line num="19" type="stmt" count="1"/>
        <line num="20" type="stmt" count="1"/>
        <line num="21" type="stmt" count="1"/>
        <line num="22" type="stmt" count="1"/>
        <line num="23" type="stmt" count="1"/>
        <metrics loc="26" ncloc="26" classes="1" methods="1" coveredmethods="1" conditionals="0" coveredconditionals="0" statements="6" coveredstatements="6" elements="7" coveredelements="7"/>
      </file>
    </package>
    <package name="Article\Factory\Service">
      <file name="/var/www/unfinished/packages/Article/src/Factory/Service/DiscussionServiceFactory.php">
        <class name="DiscussionServiceFactory" namespace="Article\Factory\Service">
          <metrics complexity="1" methods="1" coveredmethods="1" conditionals="0" coveredconditionals="0" statements="7" coveredstatements="7" elements="8" coveredelements="8"/>
        </class>
        <line num="20" type="method" name="__invoke" visibility="public" complexity="1" crap="1" count="1"/>
        <line num="22" type="stmt" count="1"/>
        <line num="23" type="stmt" count="1"/>
        <line num="24" type="stmt" count="1"/>
        <line num="25" type="stmt" count="1"/>
        <line num="26" type="stmt" count="1"/>
        <line num="27" type="stmt" count="1"/>
        <line num="28" type="stmt" count="1"/>
        <metrics loc="31" ncloc="27" classes="1" methods="1" coveredmethods="1" conditionals="0" coveredconditionals="0" statements="7" coveredstatements="7" elements="8" coveredelements="8"/>
      </file>
      <file name="/var/www/unfinished/packages/Article/src/Factory/Service/EventServiceFactory.php">
        <class name="EventServiceFactory" namespace="Article\Factory\Service">
          <metrics complexity="1" methods="1" coveredmethods="0" conditionals="0" coveredconditionals="0" statements="10" coveredstatements="9" elements="11" coveredelements="9"/>
        </class>
        <line num="21" type="method" name="__invoke" visibility="public" complexity="1" crap="1.00" count="1"/>
        <line num="23" type="stmt" count="1"/>
        <line num="24" type="stmt" count="1"/>
        <line num="26" type="stmt" count="1"/>
        <line num="27" type="stmt" count="1"/>
        <line num="28" type="stmt" count="1"/>
        <line num="29" type="stmt" count="1"/>
        <line num="30" type="stmt" count="1"/>
        <line num="31" type="stmt" count="1"/>
        <line num="32" type="stmt" count="0"/>
        <line num="33" type="stmt" count="1"/>
        <metrics loc="36" ncloc="32" classes="1" methods="1" coveredmethods="0" conditionals="0" coveredconditionals="0" statements="10" coveredstatements="9" elements="11" coveredelements="9"/>
      </file>
      <file name="/var/www/unfinished/packages/Article/src/Factory/Service/PostServiceFactory.php">
        <class name="PostServiceFactory" namespace="Article\Factory\Service">
          <metrics complexity="1" methods="1" coveredmethods="0" conditionals="0" coveredconditionals="0" statements="10" coveredstatements="9" elements="11" coveredelements="9"/>
        </class>
        <line num="22" type="method" name="__invoke" visibility="public" complexity="1" crap="1.00" count="1"/>
        <line num="24" type="stmt" count="1"/>
        <line num="25" type="stmt" count="1"/>
        <line num="27" type="stmt" count="1"/>
        <line num="28" type="stmt" count="1"/>
        <line num="29" type="stmt" count="1"/>
        <line num="30" type="stmt" count="1"/>
        <line num="31" type="stmt" count="1"/>
        <line num="32" type="stmt" count="1"/>
        <line num="33" type="stmt" count="0"/>
        <line num="34" type="stmt" count="1"/>
        <metrics loc="37" ncloc="33" classes="1" methods="1" coveredmethods="0" conditionals="0" coveredconditionals="0" statements="10" coveredstatements="9" elements="11" coveredelements="9"/>
      </file>
      <file name="/var/www/unfinished/packages/Article/src/Factory/Service/VideoServiceFactory.php">
        <class name="VideoServiceFactory" namespace="Article\Factory\Service">
          <metrics complexity="1" methods="1" coveredmethods="0" conditionals="0" coveredconditionals="0" statements="10" coveredstatements="9" elements="11" coveredelements="9"/>
        </class>
        <line num="22" type="method" name="__invoke" visibility="public" complexity="1" crap="1.00" count="1"/>
        <line num="24" type="stmt" count="1"/>
        <line num="25" type="stmt" count="1"/>
        <line num="27" type="stmt" count="1"/>
        <line num="28" type="stmt" count="1"/>
        <line num="29" type="stmt" count="1"/>
        <line num="30" type="stmt" count="1"/>
        <line num="31" type="stmt" count="1"/>
        <line num="32" type="stmt" count="1"/>
        <line num="33" type="stmt" count="0"/>
        <line num="34" type="stmt" count="1"/>
        <metrics loc="37" ncloc="33" classes="1" methods="1" coveredmethods="0" conditionals="0" coveredconditionals="0" statements="10" coveredstatements="9" elements="11" coveredelements="9"/>
      </file>
    </package>
    <package name="Article\Factory\View\Helper">
      <file name="/var/www/unfinished/packages/Article/src/Factory/View/Helper/EventHelperFactory.php">
        <class name="EventHelperFactory" namespace="Article\Factory\View\Helper">
          <metrics complexity="1" methods="1" coveredmethods="1" conditionals="0" coveredconditionals="0" statements="2" coveredstatements="2" elements="3" coveredelements="3"/>
        </class>
        <line num="11" type="method" name="__invoke" visibility="public" complexity="1" crap="1" count="1"/>
        <line num="13" type="stmt" count="1"/>
        <line num="14" type="stmt" count="1"/>
        <metrics loc="17" ncloc="17" classes="1" methods="1" coveredmethods="1" conditionals="0" coveredconditionals="0" statements="2" coveredstatements="2" elements="3" coveredelements="3"/>
      </file>
      <file name="/var/www/unfinished/packages/Article/src/Factory/View/Helper/PostHelperFactory.php">
        <class name="PostHelperFactory" namespace="Article\Factory\View\Helper">
          <metrics complexity="1" methods="1" coveredmethods="1" conditionals="0" coveredconditionals="0" statements="2" coveredstatements="2" elements="3" coveredelements="3"/>
        </class>
        <line num="11" type="method" name="__invoke" visibility="public" complexity="1" crap="1" count="1"/>
        <line num="13" type="stmt" count="1"/>
        <line num="14" type="stmt" count="1"/>
        <metrics loc="17" ncloc="17" classes="1" methods="1" coveredmethods="1" conditionals="0" coveredconditionals="0" statements="2" coveredstatements="2" elements="3" coveredelements="3"/>
      </file>
      <file name="/var/www/unfinished/packages/Article/src/Factory/View/Helper/VideoHelperFactory.php">
        <class name="VideoHelperFactory" namespace="Article\Factory\View\Helper">
          <metrics complexity="1" methods="1" coveredmethods="1" conditionals="0" coveredconditionals="0" statements="2" coveredstatements="2" elements="3" coveredelements="3"/>
        </class>
        <line num="11" type="method" name="__invoke" visibility="public" complexity="1" crap="1" count="1"/>
        <line num="13" type="stmt" count="1"/>
        <line num="14" type="stmt" count="1"/>
        <metrics loc="17" ncloc="17" classes="1" methods="1" coveredmethods="1" conditionals="0" coveredconditionals="0" statements="2" coveredstatements="2" elements="3" coveredelements="3"/>
      </file>
    </package>
    <package name="Article\Filter">
      <file name="/var/www/unfinished/packages/Article/src/Filter/ArticleFilter.php">
        <class name="ArticleFilter" namespace="Article\Filter">
          <metrics complexity="3" methods="2" coveredmethods="0" conditionals="0" coveredconditionals="0" statements="17" coveredstatements="0" elements="19" coveredelements="0"/>
        </class>
        <line num="13" type="method" name="getInputFilter" visibility="public" complexity="2" crap="6" count="0"/>
        <line num="15" type="stmt" count="0"/>
        <line num="16" type="stmt" count="0"/>
        <line num="18" type="stmt" count="0"/>
        <line num="19" type="stmt" count="0"/>
        <line num="28" type="stmt" count="0"/>
        <line num="29" type="stmt" count="0"/>
        <line num="35" type="stmt" count="0"/>
        <line num="36" type="stmt" count="0"/>
        <line num="40" type="stmt" count="0"/>
        <line num="41" type="stmt" count="0"/>
        <line num="45" type="stmt" count="0"/>
        <line num="46" type="stmt" count="0"/>
        <line num="51" type="stmt" count="0"/>
        <line num="52" type="stmt" count="0"/>
        <line num="57" type="stmt" count="0"/>
        <line num="60" type="stmt" count="0"/>
        <line num="63" type="method" name="setInputFilter" visibility="public" complexity="1" crap="2" count="0"/>
        <line num="65" type="stmt" count="0"/>
        <metrics loc="66" ncloc="66" classes="1" methods="2" coveredmethods="0" conditionals="0" coveredconditionals="0" statements="17" coveredstatements="0" elements="19" coveredelements="0"/>
      </file>
      <file name="/var/www/unfinished/packages/Article/src/Filter/DiscussionFilter.php">
        <class name="DiscussionFilter" namespace="Article\Filter">
          <metrics complexity="3" methods="2" coveredmethods="0" conditionals="0" coveredconditionals="0" statements="9" coveredstatements="0" elements="11" coveredelements="0"/>
        </class>
        <line num="13" type="method" name="getInputFilter" visibility="public" complexity="2" crap="6" count="0"/>
        <line num="15" type="stmt" count="0"/>
        <line num="16" type="stmt" count="0"/>
        <line num="18" type="stmt" count="0"/>
        <line num="19" type="stmt" count="0"/>
        <line num="28" type="stmt" count="0"/>
        <line num="29" type="stmt" count="0"/>
        <line num="38" type="stmt" count="0"/>
        <line num="41" type="stmt" count="0"/>
        <line num="44" type="method" name="setInputFilter" visibility="public" complexity="1" crap="2" count="0"/>
        <line num="46" type="stmt" count="0"/>
        <metrics loc="47" ncloc="47" classes="1" methods="2" coveredmethods="0" conditionals="0" coveredconditionals="0" statements="9" coveredstatements="0" elements="11" coveredelements="0"/>
      </file>
      <file name="/var/www/unfinished/packages/Article/src/Filter/EventFilter.php">
        <class name="EventFilter" namespace="Article\Filter">
          <metrics complexity="3" methods="2" coveredmethods="0" conditionals="0" coveredconditionals="0" statements="23" coveredstatements="0" elements="25" coveredelements="0"/>
        </class>
        <line num="13" type="method" name="getInputFilter" visibility="public" complexity="2" crap="6" count="0"/>
        <line num="15" type="stmt" count="0"/>
        <line num="16" type="stmt" count="0"/>
        <line num="18" type="stmt" count="0"/>
        <line num="19" type="stmt" count="0"/>
        <line num="28" type="stmt" count="0"/>
        <line num="29" type="stmt" count="0"/>
        <line num="34" type="stmt" count="0"/>
        <line num="35" type="stmt" count="0"/>
        <line num="40" type="stmt" count="0"/>
        <line num="41" type="stmt" count="0"/>
        <line num="46" type="stmt" count="0"/>
        <line num="47" type="stmt" count="0"/>
        <line num="56" type="stmt" count="0"/>
        <line num="57" type="stmt" count="0"/>
        <line num="63" type="stmt" count="0"/>
        <line num="64" type="stmt" count="0"/>
        <line num="70" type="stmt" count="0"/>
        <line num="71" type="stmt" count="0"/>
        <line num="77" type="stmt" count="0"/>
        <line num="78" type="stmt" count="0"/>
        <line num="84" type="stmt" count="0"/>
        <line num="87" type="stmt" count="0"/>
        <line num="90" type="method" name="setInputFilter" visibility="public" complexity="1" crap="2" count="0"/>
        <line num="92" type="stmt" count="0"/>
        <metrics loc="93" ncloc="93" classes="1" methods="2" coveredmethods="0" conditionals="0" coveredconditionals="0" statements="23" coveredstatements="0" elements="25" coveredelements="0"/>
      </file>
      <file name="/var/www/unfinished/packages/Article/src/Filter/PostFilter.php">
        <class name="PostFilter" namespace="Article\Filter">
          <metrics complexity="3" methods="2" coveredmethods="0" conditionals="0" coveredconditionals="0" statements="13" coveredstatements="0" elements="15" coveredelements="0"/>
        </class>
        <line num="13" type="method" name="getInputFilter" visibility="public" complexity="2" crap="6" count="0"/>
        <line num="15" type="stmt" count="0"/>
        <line num="16" type="stmt" count="0"/>
        <line num="18" type="stmt" count="0"/>
        <line num="19" type="stmt" count="0"/>
        <line num="28" type="stmt" count="0"/>
        <line num="29" type="stmt" count="0"/>
        <line num="38" type="stmt" count="0"/>
        <line num="39" type="stmt" count="0"/>
        <line num="48" type="stmt" count="0"/>
        <line num="49" type="stmt" count="0"/>
        <line num="54" type="stmt" count="0"/>
        <line num="57" type="stmt" count="0"/>
        <line num="60" type="method" name="setInputFilter" visibility="public" complexity="1" crap="2" count="0"/>
        <line num="62" type="stmt" count="0"/>
        <metrics loc="63" ncloc="63" classes="1" methods="2" coveredmethods="0" conditionals="0" coveredconditionals="0" statements="13" coveredstatements="0" elements="15" coveredelements="0"/>
      </file>
      <file name="/var/www/unfinished/packages/Article/src/Filter/VideoFilter.php">
        <class name="VideoFilter" namespace="Article\Filter">
          <metrics complexity="3" methods="2" coveredmethods="0" conditionals="0" coveredconditionals="0" statements="15" coveredstatements="0" elements="17" coveredelements="0"/>
        </class>
        <line num="13" type="method" name="getInputFilter" visibility="public" complexity="2" crap="6" count="0"/>
        <line num="15" type="stmt" count="0"/>
        <line num="16" type="stmt" count="0"/>
        <line num="18" type="stmt" count="0"/>
        <line num="19" type="stmt" count="0"/>
        <line num="28" type="stmt" count="0"/>
        <line num="29" type="stmt" count="0"/>
        <line num="38" type="stmt" count="0"/>
        <line num="39" type="stmt" count="0"/>
        <line num="48" type="stmt" count="0"/>
        <line num="49" type="stmt" count="0"/>
        <line num="58" type="stmt" count="0"/>
        <line num="59" type="stmt" count="0"/>
        <line num="68" type="stmt" count="0"/>
        <line num="71" type="stmt" count="0"/>
        <line num="74" type="method" name="setInputFilter" visibility="public" complexity="1" crap="2" count="0"/>
        <line num="76" type="stmt" count="0"/>
        <metrics loc="77" ncloc="77" classes="1" methods="2" coveredmethods="0" conditionals="0" coveredconditionals="0" statements="15" coveredstatements="0" elements="17" coveredelements="0"/>
      </file>
    </package>
    <package name="Article\Mapper">
      <file name="/var/www/unfinished/packages/Article/src/Mapper/ArticleDiscussionsMapper.php">
        <class name="ArticleDiscussionsMapper" namespace="Article\Mapper">
          <metrics complexity="3" methods="3" coveredmethods="2" conditionals="0" coveredconditionals="0" statements="15" coveredstatements="7" elements="18" coveredelements="9"/>
        </class>
        <line num="16" type="method" name="setDbAdapter" visibility="public" complexity="1" crap="1" count="1"/>
        <line num="18" type="stmt" count="1"/>
        <line num="19" type="stmt" count="1"/>
        <line num="24" type="method" name="getPaginationSelect" visibility="public" complexity="1" crap="1" count="1"/>
        <line num="26" type="stmt" count="1"/>
        <line num="27" type="stmt" count="1"/>
        <line num="28" type="stmt" count="1"/>
        <line num="29" type="stmt" count="1"/>
        <line num="30" type="stmt" count="1"/>
        <line num="33" type="method" name="get" visibility="public" complexity="1" crap="2" count="0"/>
        <line num="35" type="stmt" count="0"/>
        <line num="36" type="stmt" count="0"/>
        <line num="37" type="stmt" count="0"/>
        <line num="38" type="stmt" count="0"/>
        <line num="39" type="stmt" count="0"/>
        <line num="40" type="stmt" count="0"/>
        <line num="41" type="stmt" count="0"/>
        <line num="43" type="stmt" count="0"/>
        <metrics loc="46" ncloc="43" classes="1" methods="3" coveredmethods="2" conditionals="0" coveredconditionals="0" statements="15" coveredstatements="7" elements="18" coveredelements="9"/>
      </file>
      <file name="/var/www/unfinished/packages/Article/src/Mapper/ArticleEventsMapper.php">
        <class name="ArticleEventsMapper" namespace="Article\Mapper" fullPackage="Core" package="Core">
          <metrics complexity="8" methods="7" coveredmethods="0" conditionals="0" coveredconditionals="0" statements="42" coveredstatements="0" elements="49" coveredelements="0"/>
        </class>
        <line num="31" type="method" name="setDbAdapter" visibility="public" complexity="1" crap="2" count="0"/>
        <line num="33" type="stmt" count="0"/>
        <line num="34" type="stmt" count="0"/>
        <line num="36" type="method" name="getPaginationSelect" visibility="public" complexity="2" crap="6" count="0"/>
        <line num="38" type="stmt" count="0"/>
        <line num="39" type="stmt" count="0"/>
        <line num="40" type="stmt" count="0"/>
        <line num="41" type="stmt" count="0"/>
        <line num="42" type="stmt" count="0"/>
        <line num="43" type="stmt" count="0"/>
        <line num="45" type="stmt" count="0"/>
        <line num="46" type="stmt" count="0"/>
        <line num="49" type="stmt" count="0"/>
        <line num="52" type="method" name="get" visibility="public" complexity="1" crap="2" count="0"/>
        <line num="54" type="stmt" count="0"/>
        <line num="55" type="stmt" count="0"/>
        <line num="56" type="stmt" count="0"/>
        <line num="57" type="stmt" count="0"/>
        <line num="58" type="stmt" count="0"/>
        <line num="59" type="stmt" count="0"/>
        <line num="61" type="stmt" count="0"/>
        <line num="64" type="method" name="getBySlug" visibility="public" complexity="1" crap="2" count="0"/>
        <line num="66" type="stmt" count="0"/>
        <line num="67" type="stmt" count="0"/>
        <line num="68" type="stmt" count="0"/>
        <line num="69" type="stmt" count="0"/>
        <line num="70" type="stmt" count="0"/>
        <line num="72" type="stmt" count="0"/>
        <line num="75" type="method" name="getLatest" visibility="public" complexity="1" crap="2" count="0"/>
        <line num="77" type="stmt" count="0"/>
        <line num="78" type="stmt" count="0"/>
        <line num="79" type="stmt" count="0"/>
        <line num="80" type="stmt" count="0"/>
        <line num="81" type="stmt" count="0"/>
        <line num="83" type="stmt" count="0"/>
        <line num="86" type="method" name="getFuture" visibility="public" complexity="1" crap="2" count="0"/>
        <line num="88" type="stmt" count="0"/>
        <line num="89" type="stmt" count="0"/>
        <line num="90" type="stmt" count="0"/>
        <line num="91" type="stmt" count="0"/>
        <line num="93" type="stmt" count="0"/>
        <line num="95" type="stmt" count="0"/>
        <line num="98" type="method" name="getPastSelect" visibility="public" complexity="1" crap="2" count="0"/>
        <line num="100" type="stmt" count="0"/>
        <line num="101" type="stmt" count="0"/>
        <line num="102" type="stmt" count="0"/>
        <line num="103" type="stmt" count="0"/>
        <line num="105" type="stmt" count="0"/>
        <line num="107" type="stmt" count="0"/>
        <metrics loc="109" ncloc="95" classes="1" methods="7" coveredmethods="0" conditionals="0" coveredconditionals="0" statements="42" coveredstatements="0" elements="49" coveredelements="0"/>
      </file>
      <file name="/var/www/unfinished/packages/Article/src/Mapper/ArticleMapper.php">
        <class name="ArticleMapper" namespace="Article\Mapper" fullPackage="Core" package="Core">
          <metrics complexity="6" methods="6" coveredmethods="0" conditionals="0" coveredconditionals="0" statements="14" coveredstatements="0" elements="20" coveredelements="0"/>
        </class>
        <line num="30" type="method" name="setDbAdapter" visibility="public" complexity="1" crap="2" count="0"/>
        <line num="32" type="stmt" count="0"/>
        <line num="33" type="stmt" count="0"/>
        <line num="35" type="method" name="fetchAll" visibility="public" complexity="1" crap="2" count="0"/>
        <line num="37" type="stmt" count="0"/>
        <line num="40" type="method" name="create" visibility="public" complexity="1" crap="2" count="0"/>
        <line num="42" type="stmt" count="0"/>
        <line num="43" type="stmt" count="0"/>
        <line num="45" type="method" name="getCategories" visibility="public" complexity="1" crap="2" count="0"/>
        <line num="47" type="stmt" count="0"/>
        <line num="48" type="stmt" count="0"/>
        <line num="49" type="stmt" count="0"/>
        <line num="50" type="stmt" count="0"/>
        <line num="52" type="stmt" count="0"/>
        <line num="58" type="method" name="deleteCategories" visibility="public" complexity="1" crap="2" count="0"/>
        <line num="60" type="stmt" count="0"/>
        <line num="61" type="stmt" count="0"/>
        <line num="66" type="method" name="insertCategories" visibility="public" complexity="1" crap="2" count="0"/>
        <line num="68" type="stmt" count="0"/>
        <line num="69" type="stmt" count="0"/>
        <metrics loc="71" ncloc="51" classes="1" methods="6" coveredmethods="0" conditionals="0" coveredconditionals="0" statements="14" coveredstatements="0" elements="20" coveredelements="0"/>
      </file>
      <file name="/var/www/unfinished/packages/Article/src/Mapper/ArticlePostsMapper.php">
        <class name="ArticlePostsMapper" namespace="Article\Mapper" fullPackage="Core" package="Core">
          <metrics complexity="9" methods="7" coveredmethods="0" conditionals="0" coveredconditionals="0" statements="47" coveredstatements="0" elements="54" coveredelements="0"/>
        </class>
        <line num="29" type="method" name="setDbAdapter" visibility="public" complexity="1" crap="2" count="0"/>
        <line num="31" type="stmt" count="0"/>
        <line num="32" type="stmt" count="0"/>
        <line num="34" type="method" name="getPaginationSelect" visibility="public" complexity="1" crap="2" count="0"/>
        <line num="36" type="stmt" count="0"/>
        <line num="37" type="stmt" count="0"/>
        <line num="38" type="stmt" count="0"/>
        <line num="39" type="stmt" count="0"/>
        <line num="40" type="stmt" count="0"/>
        <line num="41" type="stmt" count="0"/>
        <line num="44" type="method" name="get" visibility="public" complexity="1" crap="2" count="0"/>
        <line num="46" type="stmt" count="0"/>
        <line num="47" type="stmt" count="0"/>
        <line num="48" type="stmt" count="0"/>
        <line num="49" type="stmt" count="0"/>
        <line num="50" type="stmt" count="0"/>
        <line num="51" type="stmt" count="0"/>
        <line num="52" type="stmt" count="0"/>
        <line num="54" type="stmt" count="0"/>
        <line num="57" type="method" name="getNear" visibility="public" complexity="3" crap="12" count="0"/>
        <line num="59" type="stmt" count="0"/>
        <line num="60" type="stmt" count="0"/>
        <line num="61" type="stmt" count="0"/>
        <line num="62" type="stmt" count="0"/>
        <line num="63" type="stmt" count="0"/>
        <line num="65" type="stmt" count="0"/>
        <line num="66" type="stmt" count="0"/>
        <line num="67" type="stmt" count="0"/>
        <line num="68" type="stmt" count="0"/>
        <line num="69" type="stmt" count="0"/>
        <line num="70" type="stmt" count="0"/>
        <line num="73" type="stmt" count="0"/>
        <line num="76" type="method" name="getBySlug" visibility="public" complexity="1" crap="2" count="0"/>
        <line num="78" type="stmt" count="0"/>
        <line num="79" type="stmt" count="0"/>
        <line num="80" type="stmt" count="0"/>
        <line num="81" type="stmt" count="0"/>
        <line num="82" type="stmt" count="0"/>
        <line num="83" type="stmt" count="0"/>
        <line num="85" type="stmt" count="0"/>
        <line num="88" type="method" name="getAll" visibility="public" complexity="1" crap="2" count="0"/>
        <line num="90" type="stmt" count="0"/>
        <line num="91" type="stmt" count="0"/>
        <line num="93" type="stmt" count="0"/>
        <line num="96" type="method" name="getLatest" visibility="public" complexity="1" crap="2" count="0"/>
        <line num="98" type="stmt" count="0"/>
        <line num="99" type="stmt" count="0"/>
        <line num="100" type="stmt" count="0"/>
        <line num="101" type="stmt" count="0"/>
        <line num="102" type="stmt" count="0"/>
        <line num="103" type="stmt" count="0"/>
        <line num="104" type="stmt" count="0"/>
        <line num="105" type="stmt" count="0"/>
        <line num="107" type="stmt" count="0"/>
        <metrics loc="110" ncloc="96" classes="1" methods="7" coveredmethods="0" conditionals="0" coveredconditionals="0" statements="47" coveredstatements="0" elements="54" coveredelements="0"/>
      </file>
      <file name="/var/www/unfinished/packages/Article/src/Mapper/ArticleVideosMapper.php">
        <class name="ArticleVideosMapper" namespace="Article\Mapper" fullPackage="Core" package="Core">
          <metrics complexity="6" methods="5" coveredmethods="0" conditionals="0" coveredconditionals="0" statements="28" coveredstatements="0" elements="33" coveredelements="0"/>
        </class>
        <line num="29" type="method" name="setDbAdapter" visibility="public" complexity="1" crap="2" count="0"/>
        <line num="31" type="stmt" count="0"/>
        <line num="32" type="stmt" count="0"/>
        <line num="34" type="method" name="getPaginationSelect" visibility="public" complexity="2" crap="6" count="0"/>
        <line num="36" type="stmt" count="0"/>
        <line num="37" type="stmt" count="0"/>
        <line num="38" type="stmt" count="0"/>
        <line num="39" type="stmt" count="0"/>
        <line num="40" type="stmt" count="0"/>
        <line num="42" type="stmt" count="0"/>
        <line num="43" type="stmt" count="0"/>
        <line num="46" type="stmt" count="0"/>
        <line num="49" type="method" name="get" visibility="public" complexity="1" crap="2" count="0"/>
        <line num="51" type="stmt" count="0"/>
        <line num="52" type="stmt" count="0"/>
        <line num="53" type="stmt" count="0"/>
        <line num="54" type="stmt" count="0"/>
        <line num="55" type="stmt" count="0"/>
        <line num="56" type="stmt" count="0"/>
        <line num="57" type="stmt" count="0"/>
        <line num="59" type="stmt" count="0"/>
        <line num="62" type="method" name="getLatest" visibility="public" complexity="1" crap="2" count="0"/>
        <line num="64" type="stmt" count="0"/>
        <line num="65" type="stmt" count="0"/>
        <line num="66" type="stmt" count="0"/>
        <line num="67" type="stmt" count="0"/>
        <line num="68" type="stmt" count="0"/>
        <line num="70" type="stmt" count="0"/>
        <line num="73" type="method" name="getBySlug" visibility="public" complexity="1" crap="2" count="0"/>
        <line num="75" type="stmt" count="0"/>
        <line num="76" type="stmt" count="0"/>
        <line num="77" type="stmt" count="0"/>
        <line num="79" type="stmt" count="0"/>
        <metrics loc="82" ncloc="68" classes="1" methods="5" coveredmethods="0" conditionals="0" coveredconditionals="0" statements="28" coveredstatements="0" elements="33" coveredelements="0"/>
      </file>
    </package>
    <package name="Article\Service">
      <file name="/var/www/unfinished/packages/Article/src/Service/ArticleService.php">
        <class name="ArticleService" namespace="Article\Service">
          <metrics complexity="5" methods="4" coveredmethods="1" conditionals="0" coveredconditionals="0" statements="14" coveredstatements="3" elements="18" coveredelements="4"/>
        </class>
        <line num="15" type="method" name="__construct" visibility="protected" complexity="1" crap="1" count="4"/>
        <line num="17" type="stmt" count="4"/>
        <line num="18" type="stmt" count="4"/>
        <line num="19" type="stmt" count="4"/>
        <line num="21" type="method" name="getPagination" visibility="public" complexity="1" crap="2" count="0"/>
        <line num="23" type="stmt" count="0"/>
        <line num="24" type="stmt" count="0"/>
        <line num="26" type="stmt" count="0"/>
        <line num="27" type="stmt" count="0"/>
        <line num="29" type="stmt" count="0"/>
        <line num="32" type="method" name="getCategoryIds" visibility="public" complexity="2" crap="6" count="0"/>
        <line num="34" type="stmt" count="0"/>
        <line num="35" type="stmt" count="0"/>
        <line num="36" type="stmt" count="0"/>
        <line num="39" type="stmt" count="0"/>
        <line num="42" type="method" name="delete" visibility="public" complexity="1" crap="2" count="0"/>
        <line num="44" type="stmt" count="0"/>
        <line num="45" type="stmt" count="0"/>
        <metrics loc="45" ncloc="45" classes="1" methods="4" coveredmethods="1" conditionals="0" coveredconditionals="0" statements="14" coveredstatements="3" elements="18" coveredelements="4"/>
      </file>
      <file name="/var/www/unfinished/packages/Article/src/Service/DiscussionService.php">
        <class name="DiscussionService" namespace="Article\Service">
          <metrics complexity="11" methods="6" coveredmethods="1" conditionals="0" coveredconditionals="0" statements="47" coveredstatements="8" elements="53" coveredelements="9"/>
        </class>
        <line num="26" type="method" name="__construct" visibility="public" complexity="1" crap="1" count="1"/>
        <line num="29" type="stmt" count="1"/>
        <line num="31" type="stmt" count="1"/>
        <line num="32" type="stmt" count="1"/>
        <line num="33" type="stmt" count="1"/>
        <line num="34" type="stmt" count="1"/>
        <line num="35" type="stmt" count="1"/>
        <line num="36" type="stmt" count="1"/>
        <line num="37" type="stmt" count="1"/>
        <line num="39" type="method" name="fetchAllArticles" visibility="public" complexity="1" crap="2" count="0"/>
        <line num="41" type="stmt" count="0"/>
        <line num="43" type="stmt" count="0"/>
        <line num="46" type="method" name="fetchSingleArticle" visibility="public" complexity="1" crap="2" count="0"/>
        <line num="48" type="stmt" count="0"/>
        <line num="51" type="method" name="createArticle" visibility="public" complexity="3" crap="12" count="0"/>
        <line num="53" type="stmt" count="0"/>
        <line num="54" type="stmt" count="0"/>
        <line num="56" type="stmt" count="0"/>
        <line num="57" type="stmt" count="0"/>
        <line num="60" type="stmt" count="0"/>
        <line num="61" type="stmt" count="0"/>
        <line num="63" type="stmt" count="0"/>
        <line num="65" type="stmt" count="0"/>
        <line num="66" type="stmt" count="0"/>
        <line num="67" type="stmt" count="0"/>
        <line num="68" type="stmt" count="0"/>
        <line num="71" type="stmt" count="0"/>
        <line num="72" type="stmt" count="0"/>
        <line num="74" type="stmt" count="0"/>
        <line num="76" type="stmt" count="0"/>
        <line num="77" type="stmt" count="0"/>
        <line num="78" type="stmt" count="0"/>
        <line num="80" type="method" name="updateArticle" visibility="public" complexity="3" crap="12" count="0"/>
        <line num="82" type="stmt" count="0"/>
        <line num="83" type="stmt" count="0"/>
        <line num="84" type="stmt" count="0"/>
        <line num="86" type="stmt" count="0"/>
        <line num="87" type="stmt" count="0"/>
        <line num="90" type="stmt" count="0"/>
        <line num="91" type="stmt" count="0"/>
        <line num="93" type="stmt" count="0"/>
        <line num="94" type="stmt" count="0"/>
        <line num="95" type="stmt" count="0"/>
        <line num="97" type="stmt" count="0"/>
        <line num="98" type="stmt" count="0"/>
        <line num="99" type="stmt" count="0"/>
        <line num="101" type="method" name="deleteArticle" visibility="public" complexity="2" crap="6" count="0"/>
        <line num="103" type="stmt" count="0"/>
        <line num="105" type="stmt" count="0"/>
        <line num="106" type="stmt" count="0"/>
        <line num="109" type="stmt" count="0"/>
        <line num="110" type="stmt" count="0"/>
        <line num="111" type="stmt" count="0"/>
        <metrics loc="112" ncloc="112" classes="1" methods="6" coveredmethods="1" conditionals="0" coveredconditionals="0" statements="47" coveredstatements="8" elements="53" coveredelements="9"/>
      </file>
      <file name="/var/www/unfinished/packages/Article/src/Service/EventService.php">
        <class name="EventService" namespace="Article\Service">
          <metrics complexity="18" methods="11" coveredmethods="1" conditionals="0" coveredconditionals="0" statements="70" coveredstatements="9" elements="81" coveredelements="10"/>
        </class>
        <line num="28" type="method" name="__construct" visibility="public" complexity="1" crap="1" count="1"/>
        <line num="32" type="stmt" count="1"/>
        <line num="34" type="stmt" count="1"/>
        <line num="35" type="stmt" count="1"/>
        <line num="36" type="stmt" count="1"/>
        <line num="37" type="stmt" count="1"/>
        <line num="38" type="stmt" count="1"/>
        <line num="39" type="stmt" count="1"/>
        <line num="40" type="stmt" count="1"/>
        <line num="41" type="stmt" count="1"/>
        <line num="43" type="method" name="fetchAllArticles" visibility="public" complexity="1" crap="2" count="0"/>
        <line num="45" type="stmt" count="0"/>
        <line num="47" type="stmt" count="0"/>
        <line num="50" type="method" name="fetchFutureEvents" visibility="public" complexity="1" crap="2" count="0"/>
        <line num="52" type="stmt" count="0"/>
        <line num="55" type="method" name="fetchPastEventsPagination" visibility="public" complexity="1" crap="2" count="0"/>
        <line num="57" type="stmt" count="0"/>
        <line num="59" type="stmt" count="0"/>
        <line num="62" type="method" name="fetchEvents" visibility="public" complexity="1" crap="2" count="0"/>
        <line num="64" type="stmt" count="0"/>
        <line num="65" type="stmt" count="0"/>
        <line num="67" type="stmt" count="0"/>
        <line num="70" type="method" name="fetchLatest" visibility="public" complexity="1" crap="2" count="0"/>
        <line num="72" type="stmt" count="0"/>
        <line num="75" type="method" name="fetchSingleArticle" visibility="public" complexity="1" crap="2" count="0"/>
        <line num="77" type="stmt" count="0"/>
        <line num="80" type="method" name="fetchEventBySlug" visibility="public" complexity="1" crap="2" count="0"/>
        <line num="82" type="stmt" count="0"/>
        <line num="85" type="method" name="createArticle" visibility="public" complexity="3" crap="12" count="0"/>
        <line num="87" type="stmt" count="0"/>
        <line num="88" type="stmt" count="0"/>
        <line num="90" type="stmt" count="0"/>
        <line num="91" type="stmt" count="0"/>
        <line num="94" type="stmt" count="0"/>
        <line num="95" type="stmt" count="0"/>
        <line num="97" type="stmt" count="0"/>
        <line num="99" type="stmt" count="0"/>
        <line num="100" type="stmt" count="0"/>
        <line num="101" type="stmt" count="0"/>
        <line num="102" type="stmt" count="0"/>
        <line num="104" type="stmt" count="0"/>
        <line num="106" type="stmt" count="0"/>
        <line num="107" type="stmt" count="0"/>
        <line num="109" type="stmt" count="0"/>
        <line num="110" type="stmt" count="0"/>
        <line num="111" type="stmt" count="0"/>
        <line num="112" type="stmt" count="0"/>
        <line num="115" type="stmt" count="0"/>
        <line num="116" type="stmt" count="0"/>
        <line num="117" type="stmt" count="0"/>
        <line num="119" type="method" name="updateArticle" visibility="public" complexity="5" crap="30" count="0"/>
        <line num="121" type="stmt" count="0"/>
        <line num="122" type="stmt" count="0"/>
        <line num="123" type="stmt" count="0"/>
        <line num="125" type="stmt" count="0"/>
        <line num="126" type="stmt" count="0"/>
        <line num="129" type="stmt" count="0"/>
        <line num="130" type="stmt" count="0"/>
        <line num="131" type="stmt" count="0"/>
        <line num="132" type="stmt" count="0"/>
        <line num="135" type="stmt" count="0"/>
        <line num="136" type="stmt" count="0"/>
        <line num="137" type="stmt" count="0"/>
        <line num="140" type="stmt" count="0"/>
        <line num="141" type="stmt" count="0"/>
        <line num="144" type="stmt" count="0"/>
        <line num="147" type="stmt" count="0"/>
        <line num="148" type="stmt" count="0"/>
        <line num="151" type="stmt" count="0"/>
        <line num="154" type="stmt" count="0"/>
        <line num="155" type="stmt" count="0"/>
        <line num="156" type="stmt" count="0"/>
        <line num="158" type="method" name="deleteArticle" visibility="public" complexity="2" crap="6" count="0"/>
        <line num="160" type="stmt" count="0"/>
        <line num="162" type="stmt" count="0"/>
        <line num="163" type="stmt" count="0"/>
        <line num="166" type="stmt" count="0"/>
        <line num="167" type="stmt" count="0"/>
        <line num="168" type="stmt" count="0"/>
        <line num="169" type="stmt" count="0"/>
        <line num="170" type="stmt" count="0"/>
        <metrics loc="172" ncloc="170" classes="1" methods="11" coveredmethods="1" conditionals="0" coveredconditionals="0" statements="70" coveredstatements="9" elements="81" coveredelements="10"/>
      </file>
      <file name="/var/www/unfinished/packages/Article/src/Service/PostService.php">
        <class name="PostService" namespace="Article\Service">
          <metrics complexity="18" methods="11" coveredmethods="1" conditionals="0" coveredconditionals="0" statements="67" coveredstatements="9" elements="78" coveredelements="10"/>
        </class>
        <line num="54" type="method" name="__construct" visibility="public" complexity="1" crap="1" count="1"/>
        <line num="57" type="stmt" count="1"/>
        <line num="59" type="stmt" count="1"/>
        <line num="60" type="stmt" count="1"/>
        <line num="61" type="stmt" count="1"/>
        <line num="62" type="stmt" count="1"/>
        <line num="63" type="stmt" count="1"/>
        <line num="64" type="stmt" count="1"/>
        <line num="65" type="stmt" count="1"/>
        <line num="66" type="stmt" count="1"/>
        <line num="68" type="method" name="fetchAllArticles" visibility="public" complexity="1" crap="2" count="0"/>
        <line num="70" type="stmt" count="0"/>
        <line num="72" type="stmt" count="0"/>
        <line num="75" type="method" name="fetchSingleArticleBySlug" visibility="public" complexity="1" crap="2" count="0"/>
        <line num="77" type="stmt" count="0"/>
        <line num="80" type="method" name="fetchSingleArticle" visibility="public" complexity="1" crap="2" count="0"/>
        <line num="82" type="stmt" count="0"/>
        <line num="85" type="method" name="fetchNearestArticle" visibility="public" complexity="1" crap="2" count="0"/>
        <line num="88" type="stmt" count="0"/>
        <line num="89" type="stmt" count="0"/>
        <line num="93" type="method" name="createArticle" visibility="public" complexity="3" crap="12" count="0"/>
        <line num="95" type="stmt" count="0"/>
        <line num="96" type="stmt" count="0"/>
        <line num="98" type="stmt" count="0"/>
        <line num="99" type="stmt" count="0"/>
        <line num="102" type="stmt" count="0"/>
        <line num="103" type="stmt" count="0"/>
        <line num="105" type="stmt" count="0"/>
        <line num="107" type="stmt" count="0"/>
        <line num="108" type="stmt" count="0"/>
        <line num="109" type="stmt" count="0"/>
        <line num="110" type="stmt" count="0"/>
        <line num="113" type="stmt" count="0"/>
        <line num="114" type="stmt" count="0"/>
        <line num="116" type="stmt" count="0"/>
        <line num="117" type="stmt" count="0"/>
        <line num="118" type="stmt" count="0"/>
        <line num="119" type="stmt" count="0"/>
        <line num="122" type="stmt" count="0"/>
        <line num="123" type="stmt" count="0"/>
        <line num="124" type="stmt" count="0"/>
        <line num="126" type="method" name="updateArticle" visibility="public" complexity="5" crap="30" count="0"/>
        <line num="128" type="stmt" count="0"/>
        <line num="129" type="stmt" count="0"/>
        <line num="130" type="stmt" count="0"/>
        <line num="132" type="stmt" count="0"/>
        <line num="133" type="stmt" count="0"/>
        <line num="136" type="stmt" count="0"/>
        <line num="137" type="stmt" count="0"/>
        <line num="138" type="stmt" count="0"/>
        <line num="139" type="stmt" count="0"/>
        <line num="142" type="stmt" count="0"/>
        <line num="143" type="stmt" count="0"/>
        <line num="144" type="stmt" count="0"/>
        <line num="147" type="stmt" count="0"/>
        <line num="148" type="stmt" count="0"/>
        <line num="151" type="stmt" count="0"/>
        <line num="154" type="stmt" count="0"/>
        <line num="155" type="stmt" count="0"/>
        <line num="158" type="stmt" count="0"/>
        <line num="161" type="stmt" count="0"/>
        <line num="162" type="stmt" count="0"/>
        <line num="163" type="stmt" count="0"/>
        <line num="165" type="method" name="deleteArticle" visibility="public" complexity="2" crap="6" count="0"/>
        <line num="167" type="stmt" count="0"/>
        <line num="169" type="stmt" count="0"/>
        <line num="170" type="stmt" count="0"/>
        <line num="173" type="stmt" count="0"/>
        <line num="174" type="stmt" count="0"/>
        <line num="175" type="stmt" count="0"/>
        <line num="176" type="stmt" count="0"/>
        <line num="177" type="stmt" count="0"/>
        <line num="179" type="method" name="getForSelect" visibility="public" complexity="1" crap="2" count="0"/>
        <line num="181" type="stmt" count="0"/>
        <line num="184" type="method" name="getCategories" visibility="public" complexity="1" crap="2" count="0"/>
        <line num="186" type="stmt" count="0"/>
        <line num="189" type="method" name="getLatestWeb" visibility="public" complexity="1" crap="2" count="0"/>
        <line num="191" type="stmt" count="0"/>
        <metrics loc="194" ncloc="175" classes="1" methods="11" coveredmethods="1" conditionals="0" coveredconditionals="0" statements="67" coveredstatements="9" elements="78" coveredelements="10"/>
      </file>
      <file name="/var/www/unfinished/packages/Article/src/Service/VideoService.php">
        <class name="VideoService" namespace="Article\Service">
          <metrics complexity="16" methods="9" coveredmethods="1" conditionals="0" coveredconditionals="0" statements="66" coveredstatements="9" elements="75" coveredelements="10"/>
        </class>
        <line num="54" type="method" name="__construct" visibility="public" complexity="1" crap="1" count="1"/>
        <line num="64" type="stmt" count="1"/>
        <line num="66" type="stmt" count="1"/>
        <line num="67" type="stmt" count="1"/>
        <line num="68" type="stmt" count="1"/>
        <line num="69" type="stmt" count="1"/>
        <line num="70" type="stmt" count="1"/>
        <line num="71" type="stmt" count="1"/>
        <line num="72" type="stmt" count="1"/>
        <line num="73" type="stmt" count="1"/>
        <line num="75" type="method" name="fetchAllArticles" visibility="public" complexity="1" crap="2" count="0"/>
        <line num="77" type="stmt" count="0"/>
        <line num="79" type="stmt" count="0"/>
        <line num="82" type="method" name="fetchWebArticles" visibility="public" complexity="1" crap="2" count="0"/>
        <line num="84" type="stmt" count="0"/>
        <line num="86" type="stmt" count="0"/>
        <line num="89" type="method" name="fetchLatest" visibility="public" complexity="1" crap="2" count="0"/>
        <line num="91" type="stmt" count="0"/>
        <line num="94" type="method" name="fetchVideoBySlug" visibility="public" complexity="1" crap="2" count="0"/>
        <line num="96" type="stmt" count="0"/>
        <line num="99" type="method" name="fetchSingleArticle" visibility="public" complexity="1" crap="2" count="0"/>
        <line num="101" type="stmt" count="0"/>
        <line num="104" type="method" name="createArticle" visibility="public" complexity="3" crap="12" count="0"/>
        <line num="106" type="stmt" count="0"/>
        <line num="107" type="stmt" count="0"/>
        <line num="109" type="stmt" count="0"/>
        <line num="110" type="stmt" count="0"/>
        <line num="113" type="stmt" count="0"/>
        <line num="114" type="stmt" count="0"/>
        <line num="116" type="stmt" count="0"/>
        <line num="118" type="stmt" count="0"/>
        <line num="119" type="stmt" count="0"/>
        <line num="120" type="stmt" count="0"/>
        <line num="121" type="stmt" count="0"/>
        <line num="124" type="stmt" count="0"/>
        <line num="125" type="stmt" count="0"/>
        <line num="127" type="stmt" count="0"/>
        <line num="128" type="stmt" count="0"/>
        <line num="129" type="stmt" count="0"/>
        <line num="130" type="stmt" count="0"/>
        <line num="133" type="stmt" count="0"/>
        <line num="134" type="stmt" count="0"/>
        <line num="135" type="stmt" count="0"/>
        <line num="137" type="method" name="updateArticle" visibility="public" complexity="5" crap="30" count="0"/>
        <line num="139" type="stmt" count="0"/>
        <line num="140" type="stmt" count="0"/>
        <line num="141" type="stmt" count="0"/>
        <line num="143" type="stmt" count="0"/>
        <line num="144" type="stmt" count="0"/>
        <line num="147" type="stmt" count="0"/>
        <line num="148" type="stmt" count="0"/>
        <line num="149" type="stmt" count="0"/>
        <line num="150" type="stmt" count="0"/>
        <line num="151" type="stmt" count="0"/>
        <line num="153" type="stmt" count="0"/>
        <line num="154" type="stmt" count="0"/>
        <line num="155" type="stmt" count="0"/>
        <line num="159" type="stmt" count="0"/>
        <line num="160" type="stmt" count="0"/>
        <line num="163" type="stmt" count="0"/>
        <line num="166" type="stmt" count="0"/>
        <line num="167" type="stmt" count="0"/>
        <line num="170" type="stmt" count="0"/>
        <line num="173" type="stmt" count="0"/>
        <line num="174" type="stmt" count="0"/>
        <line num="175" type="stmt" count="0"/>
        <line num="177" type="method" name="deleteArticle" visibility="public" complexity="2" crap="6" count="0"/>
        <line num="179" type="stmt" count="0"/>
        <line num="181" type="stmt" count="0"/>
        <line num="182" type="stmt" count="0"/>
        <line num="185" type="stmt" count="0"/>
        <line num="186" type="stmt" count="0"/>
        <line num="187" type="stmt" count="0"/>
        <line num="188" type="stmt" count="0"/>
        <line num="189" type="stmt" count="0"/>
        <metrics loc="191" ncloc="171" classes="1" methods="9" coveredmethods="1" conditionals="0" coveredconditionals="0" statements="66" coveredstatements="9" elements="75" coveredelements="10"/>
      </file>
    </package>
    <file name="/var/www/unfinished/packages/Article/src/Service/ArticleServiceInterface.php">
      <metrics loc="53" ncloc="16" classes="0" methods="0" coveredmethods="0" conditionals="0" coveredconditionals="0" statements="0" coveredstatements="0" elements="0" coveredelements="0"/>
    </file>
    <package name="Article\View\Helper">
      <file name="/var/www/unfinished/packages/Article/src/View/Helper/EventHelper.php">
        <class name="EventHelper" namespace="Article\View\Helper">
          <metrics complexity="3" methods="3" coveredmethods="3" conditionals="0" coveredconditionals="0" statements="4" coveredstatements="4" elements="7" coveredelements="7"/>
        </class>
        <line num="12" type="method" name="__construct" visibility="public" complexity="1" crap="1" count="3"/>
        <line num="14" type="stmt" count="3"/>
        <line num="15" type="stmt" count="3"/>
        <line num="17" type="method" name="__invoke" visibility="public" complexity="1" crap="1" count="1"/>
        <line num="19" type="stmt" count="1"/>
        <line num="22" type="method" name="getLatest" visibility="public" complexity="1" crap="1" count="1"/>
        <line num="24" type="stmt" count="1"/>
        <metrics loc="26" ncloc="26" classes="1" methods="3" coveredmethods="3" conditionals="0" coveredconditionals="0" statements="4" coveredstatements="4" elements="7" coveredelements="7"/>
      </file>
      <file name="/var/www/unfinished/packages/Article/src/View/Helper/PostHelper.php">
        <class name="PostHelper" namespace="Article\View\Helper">
          <metrics complexity="4" methods="4" coveredmethods="4" conditionals="0" coveredconditionals="0" statements="6" coveredstatements="6" elements="10" coveredelements="10"/>
        </class>
        <line num="12" type="method" name="__construct" visibility="public" complexity="1" crap="1" count="4"/>
        <line num="14" type="stmt" count="4"/>
        <line num="15" type="stmt" count="4"/>
        <line num="17" type="method" name="__invoke" visibility="public" complexity="1" crap="1" count="1"/>
        <line num="19" type="stmt" count="1"/>
        <line num="25" type="method" name="forSelect" visibility="public" complexity="1" crap="1" count="1"/>
        <line num="27" type="stmt" count="1"/>
        <line num="30" type="method" name="forWeb" visibility="public" complexity="1" crap="1" count="1"/>
        <line num="32" type="stmt" count="1"/>
        <line num="34" type="stmt" count="1"/>
        <metrics loc="36" ncloc="33" classes="1" methods="4" coveredmethods="4" conditionals="0" coveredconditionals="0" statements="6" coveredstatements="6" elements="10" coveredelements="10"/>
      </file>
      <file name="/var/www/unfinished/packages/Article/src/View/Helper/VideoHelper.php">
        <class name="VideoHelper" namespace="Article\View\Helper">
          <metrics complexity="3" methods="3" coveredmethods="3" conditionals="0" coveredconditionals="0" statements="4" coveredstatements="4" elements="7" coveredelements="7"/>
        </class>
        <line num="12" type="method" name="__construct" visibility="public" complexity="1" crap="1" count="3"/>
        <line num="14" type="stmt" count="3"/>
        <line num="15" type="stmt" count="3"/>
        <line num="17" type="method" name="__invoke" visibility="public" complexity="1" crap="1" count="1"/>
        <line num="19" type="stmt" count="1"/>
        <line num="22" type="method" name="getLatest" visibility="public" complexity="1" crap="1" count="1"/>
        <line num="24" type="stmt" count="1"/>
        <metrics loc="26" ncloc="26" classes="1" methods="3" coveredmethods="3" conditionals="0" coveredconditionals="0" statements="4" coveredstatements="4" elements="7" coveredelements="7"/>
      </file>
    </package>
    <metrics files="36" loc="2568" ncloc="2288" classes="34" methods="121" coveredmethods="46" conditionals="0" coveredconditionals="0" statements="724" coveredstatements="279" elements="845" coveredelements="325"/>
  </project>
</coverage>
