<?xml version="1.0" encoding="UTF-8"?>
<coverage generated="1497923236">
  <project timestamp="1497923236">
    <package name="Page">
      <file name="/var/www/unfinished/packages/Page/src/ConfigProvider.php">
        <class name="ConfigProvider" namespace="Page">
          <metrics complexity="1" methods="1" coveredmethods="0" conditionals="0" coveredconditionals="0" statements="34" coveredstatements="0" elements="35" coveredelements="0"/>
        </class>
        <line num="9" type="method" name="__invoke" visibility="public" complexity="1" crap="2" count="0"/>
        <line num="10" type="stmt" count="0"/>
        <line num="11" type="stmt" count="0"/>
        <line num="12" type="stmt" count="0"/>
        <line num="13" type="stmt" count="0"/>
        <line num="14" type="stmt" count="0"/>
        <line num="15" type="stmt" count="0"/>
        <line num="16" type="stmt" count="0"/>
        <line num="17" type="stmt" count="0"/>
        <line num="18" type="stmt" count="0"/>
        <line num="19" type="stmt" count="0"/>
        <line num="21" type="stmt" count="0"/>
        <line num="22" type="stmt" count="0"/>
        <line num="23" type="stmt" count="0"/>
        <line num="24" type="stmt" count="0"/>
        <line num="25" type="stmt" count="0"/>
        <line num="26" type="stmt" count="0"/>
        <line num="27" type="stmt" count="0"/>
        <line num="28" type="stmt" count="0"/>
        <line num="30" type="stmt" count="0"/>
        <line num="31" type="stmt" count="0"/>
        <line num="32" type="stmt" count="0"/>
        <line num="33" type="stmt" count="0"/>
        <line num="34" type="stmt" count="0"/>
        <line num="35" type="stmt" count="0"/>
        <line num="36" type="stmt" count="0"/>
        <line num="37" type="stmt" count="0"/>
        <line num="38" type="stmt" count="0"/>
        <line num="39" type="stmt" count="0"/>
        <line num="40" type="stmt" count="0"/>
        <line num="41" type="stmt" count="0"/>
        <line num="42" type="stmt" count="0"/>
        <line num="43" type="stmt" count="0"/>
        <line num="44" type="stmt" count="0"/>
        <line num="45" type="stmt" count="0"/>
        <metrics loc="46" ncloc="46" classes="1" methods="1" coveredmethods="0" conditionals="0" coveredconditionals="0" statements="34" coveredstatements="0" elements="35" coveredelements="0"/>
      </file>
    </package>
    <package name="Page\Controller">
      <file name="/var/www/unfinished/packages/Page/src/Controller/PageController.php">
        <class name="PageController" namespace="Page\Controller">
          <metrics complexity="12" methods="5" coveredmethods="0" conditionals="0" coveredconditionals="0" statements="58" coveredstatements="0" elements="63" coveredelements="0"/>
        </class>
        <line num="31" type="method" name="__construct" visibility="public" complexity="1" crap="2" count="0"/>
        <line num="32" type="stmt" count="0"/>
        <line num="33" type="stmt" count="0"/>
        <line num="34" type="stmt" count="0"/>
        <line num="35" type="stmt" count="0"/>
        <line num="36" type="stmt" count="0"/>
        <line num="39" type="method" name="index" visibility="public" complexity="3" crap="12" count="0"/>
        <line num="40" type="stmt" count="0"/>
        <line num="41" type="stmt" count="0"/>
        <line num="42" type="stmt" count="0"/>
        <line num="43" type="stmt" count="0"/>
        <line num="44" type="stmt" count="0"/>
        <line num="46" type="stmt" count="0"/>
        <line num="47" type="stmt" count="0"/>
        <line num="48" type="stmt" count="0"/>
        <line num="49" type="stmt" count="0"/>
        <line num="50" type="stmt" count="0"/>
        <line num="52" type="method" name="edit" visibility="public" complexity="2" crap="6" count="0"/>
        <line num="53" type="stmt" count="0"/>
        <line num="54" type="stmt" count="0"/>
        <line num="55" type="stmt" count="0"/>
        <line num="57" type="stmt" count="0"/>
        <line num="58" type="stmt" count="0"/>
        <line num="59" type="stmt" count="0"/>
        <line num="60" type="stmt" count="0"/>
        <line num="62" type="stmt" count="0"/>
        <line num="63" type="stmt" count="0"/>
        <line num="64" type="stmt" count="0"/>
        <line num="65" type="stmt" count="0"/>
        <line num="66" type="stmt" count="0"/>
        <line num="67" type="stmt" count="0"/>
        <line num="69" type="method" name="save" visibility="public" complexity="4" crap="20" count="0"/>
        <line num="70" type="stmt" count="0"/>
        <line num="71" type="stmt" count="0"/>
        <line num="72" type="stmt" count="0"/>
        <line num="73" type="stmt" count="0"/>
        <line num="74" type="stmt" count="0"/>
        <line num="76" type="stmt" count="0"/>
        <line num="77" type="stmt" count="0"/>
        <line num="78" type="stmt" count="0"/>
        <line num="79" type="stmt" count="0"/>
        <line num="80" type="stmt" count="0"/>
        <line num="81" type="stmt" count="0"/>
        <line num="83" type="stmt" count="0"/>
        <line num="84" type="stmt" count="0"/>
        <line num="85" type="stmt" count="0"/>
        <line num="86" type="stmt" count="0"/>
        <line num="87" type="stmt" count="0"/>
        <line num="88" type="stmt" count="0"/>
        <line num="89" type="stmt" count="0"/>
        <line num="90" type="stmt" count="0"/>
        <line num="91" type="stmt" count="0"/>
        <line num="93" type="method" name="delete" visibility="public" complexity="2" crap="6" count="0"/>
        <line num="94" type="stmt" count="0"/>
        <line num="95" type="stmt" count="0"/>
        <line num="96" type="stmt" count="0"/>
        <line num="97" type="stmt" count="0"/>
        <line num="99" type="stmt" count="0"/>
        <line num="100" type="stmt" count="0"/>
        <line num="101" type="stmt" count="0"/>
        <line num="102" type="stmt" count="0"/>
        <line num="103" type="stmt" count="0"/>
        <line num="104" type="stmt" count="0"/>
        <metrics loc="104" ncloc="93" classes="1" methods="5" coveredmethods="0" conditionals="0" coveredconditionals="0" statements="58" coveredstatements="0" elements="63" coveredelements="0"/>
      </file>
      <file name="/var/www/unfinished/packages/Page/src/Controller/PageControllerFactory.php">
        <class name="PageControllerFactory" namespace="Page\Controller">
          <metrics complexity="1" methods="1" coveredmethods="0" conditionals="0" coveredconditionals="0" statements="7" coveredstatements="0" elements="8" coveredelements="0"/>
        </class>
        <line num="12" type="method" name="__invoke" visibility="public" complexity="1" crap="2" count="0"/>
        <line num="13" type="stmt" count="0"/>
        <line num="14" type="stmt" count="0"/>
        <line num="15" type="stmt" count="0"/>
        <line num="16" type="stmt" count="0"/>
        <line num="17" type="stmt" count="0"/>
        <line num="18" type="stmt" count="0"/>
        <line num="19" type="stmt" count="0"/>
        <metrics loc="20" ncloc="20" classes="1" methods="1" coveredmethods="0" conditionals="0" coveredconditionals="0" statements="7" coveredstatements="0" elements="8" coveredelements="0"/>
      </file>
    </package>
    <package name="Page\Entity">
      <file name="/var/www/unfinished/packages/Page/src/Entity/Page.php">
        <class name="Page" namespace="Page\Entity">
          <metrics complexity="31" methods="25" coveredmethods="0" conditionals="0" coveredconditionals="0" statements="96" coveredstatements="0" elements="121" coveredelements="0"/>
        </class>
        <line num="23" type="method" name="getIsWysiwygEditor" visibility="public" complexity="1" crap="2" count="0"/>
        <line num="24" type="stmt" count="0"/>
        <line num="25" type="stmt" count="0"/>
        <line num="26" type="stmt" count="0"/>
        <line num="31" type="method" name="setIsWysiwygEditor" visibility="public" complexity="1" crap="2" count="0"/>
        <line num="32" type="stmt" count="0"/>
        <line num="33" type="stmt" count="0"/>
        <line num="34" type="stmt" count="0"/>
        <line num="37" type="method" name="getSlug" visibility="public" complexity="1" crap="2" count="0"/>
        <line num="38" type="stmt" count="0"/>
        <line num="39" type="stmt" count="0"/>
        <line num="40" type="stmt" count="0"/>
        <line num="43" type="method" name="setSlug" visibility="public" complexity="1" crap="2" count="0"/>
        <line num="44" type="stmt" count="0"/>
        <line num="45" type="stmt" count="0"/>
        <line num="46" type="stmt" count="0"/>
        <line num="51" type="method" name="getIsActive" visibility="public" complexity="1" crap="2" count="0"/>
        <line num="52" type="stmt" count="0"/>
        <line num="53" type="stmt" count="0"/>
        <line num="54" type="stmt" count="0"/>
        <line num="57" type="method" name="setIsActive" visibility="public" complexity="1" crap="2" count="0"/>
        <line num="58" type="stmt" count="0"/>
        <line num="59" type="stmt" count="0"/>
        <line num="60" type="stmt" count="0"/>
        <line num="63" type="method" name="getPageUuid" visibility="public" complexity="1" crap="2" count="0"/>
        <line num="64" type="stmt" count="0"/>
        <line num="65" type="stmt" count="0"/>
        <line num="66" type="stmt" count="0"/>
        <line num="72" type="method" name="getPageId" visibility="public" complexity="1" crap="2" count="0"/>
        <line num="73" type="stmt" count="0"/>
        <line num="74" type="stmt" count="0"/>
        <line num="75" type="stmt" count="0"/>
        <line num="78" type="method" name="setPageId" visibility="public" complexity="1" crap="2" count="0"/>
        <line num="79" type="stmt" count="0"/>
        <line num="80" type="stmt" count="0"/>
        <line num="81" type="stmt" count="0"/>
        <line num="84" type="method" name="getTitle" visibility="public" complexity="1" crap="2" count="0"/>
        <line num="85" type="stmt" count="0"/>
        <line num="86" type="stmt" count="0"/>
        <line num="87" type="stmt" count="0"/>
        <line num="90" type="method" name="setTitle" visibility="public" complexity="1" crap="2" count="0"/>
        <line num="91" type="stmt" count="0"/>
        <line num="92" type="stmt" count="0"/>
        <line num="93" type="stmt" count="0"/>
        <line num="96" type="method" name="getBody" visibility="public" complexity="1" crap="2" count="0"/>
        <line num="97" type="stmt" count="0"/>
        <line num="98" type="stmt" count="0"/>
        <line num="99" type="stmt" count="0"/>
        <line num="102" type="method" name="setBody" visibility="public" complexity="1" crap="2" count="0"/>
        <line num="103" type="stmt" count="0"/>
        <line num="104" type="stmt" count="0"/>
        <line num="105" type="stmt" count="0"/>
        <line num="111" type="method" name="getDescription" visibility="public" complexity="2" crap="6" count="0"/>
        <line num="112" type="stmt" count="0"/>
        <line num="113" type="stmt" count="0"/>
        <line num="114" type="stmt" count="0"/>
        <line num="115" type="stmt" count="0"/>
        <line num="117" type="stmt" count="0"/>
        <line num="118" type="stmt" count="0"/>
        <line num="121" type="method" name="setDescription" visibility="public" complexity="1" crap="2" count="0"/>
        <line num="122" type="stmt" count="0"/>
        <line num="123" type="stmt" count="0"/>
        <line num="124" type="stmt" count="0"/>
        <line num="127" type="method" name="getMainImg" visibility="public" complexity="1" crap="2" count="0"/>
        <line num="128" type="stmt" count="0"/>
        <line num="129" type="stmt" count="0"/>
        <line num="130" type="stmt" count="0"/>
        <line num="133" type="method" name="setMainImg" visibility="public" complexity="1" crap="2" count="0"/>
        <line num="134" type="stmt" count="0"/>
        <line num="135" type="stmt" count="0"/>
        <line num="136" type="stmt" count="0"/>
        <line num="139" type="method" name="getHasLayout" visibility="public" complexity="1" crap="2" count="0"/>
        <line num="140" type="stmt" count="0"/>
        <line num="141" type="stmt" count="0"/>
        <line num="142" type="stmt" count="0"/>
        <line num="145" type="method" name="setHasLayout" visibility="public" complexity="1" crap="2" count="0"/>
        <line num="146" type="stmt" count="0"/>
        <line num="147" type="stmt" count="0"/>
        <line num="148" type="stmt" count="0"/>
        <line num="151" type="method" name="getIsHomepage" visibility="public" complexity="1" crap="2" count="0"/>
        <line num="152" type="stmt" count="0"/>
        <line num="153" type="stmt" count="0"/>
        <line num="154" type="stmt" count="0"/>
        <line num="157" type="method" name="setIsHomepage" visibility="public" complexity="1" crap="2" count="0"/>
        <line num="158" type="stmt" count="0"/>
        <line num="159" type="stmt" count="0"/>
        <line num="160" type="stmt" count="0"/>
        <line num="166" type="method" name="getCreatedAt" visibility="public" complexity="2" crap="6" count="0"/>
        <line num="167" type="stmt" count="0"/>
        <line num="168" type="stmt" count="0"/>
        <line num="169" type="stmt" count="0"/>
        <line num="170" type="stmt" count="0"/>
        <line num="172" type="stmt" count="0"/>
        <line num="173" type="stmt" count="0"/>
        <line num="176" type="method" name="setCreatedAt" visibility="public" complexity="1" crap="2" count="0"/>
        <line num="177" type="stmt" count="0"/>
        <line num="178" type="stmt" count="0"/>
        <line num="179" type="stmt" count="0"/>
        <line num="186" type="method" name="exchangeArray" visibility="public" complexity="3" crap="12" count="0"/>
        <line num="187" type="stmt" count="0"/>
        <line num="188" type="stmt" count="0"/>
        <line num="189" type="stmt" count="0"/>
        <line num="190" type="stmt" count="0"/>
        <line num="191" type="stmt" count="0"/>
        <line num="194" type="method" name="getArrayCopy" visibility="public" complexity="1" crap="2" count="0"/>
        <line num="195" type="stmt" count="0"/>
        <line num="196" type="stmt" count="0"/>
        <line num="197" type="stmt" count="0"/>
        <line num="198" type="stmt" count="0"/>
        <line num="199" type="stmt" count="0"/>
        <line num="200" type="stmt" count="0"/>
        <line num="201" type="stmt" count="0"/>
        <line num="202" type="stmt" count="0"/>
        <line num="203" type="stmt" count="0"/>
        <line num="204" type="stmt" count="0"/>
        <line num="205" type="stmt" count="0"/>
        <line num="206" type="stmt" count="0"/>
        <line num="207" type="stmt" count="0"/>
        <line num="208" type="stmt" count="0"/>
        <line num="209" type="stmt" count="0"/>
        <line num="210" type="stmt" count="0"/>
        <metrics loc="211" ncloc="171" classes="1" methods="25" coveredmethods="0" conditionals="0" coveredconditionals="0" statements="96" coveredstatements="0" elements="121" coveredelements="0"/>
      </file>
    </package>
    <package name="Page\Filter">
      <file name="/var/www/unfinished/packages/Page/src/Filter/PageFilter.php">
        <class name="PageFilter" namespace="Page\Filter">
          <metrics complexity="2" methods="2" coveredmethods="0" conditionals="0" coveredconditionals="0" statements="63" coveredstatements="0" elements="65" coveredelements="0"/>
        </class>
        <line num="13" type="method" name="getInputFilter" visibility="public" complexity="1" crap="2" count="0"/>
        <line num="14" type="stmt" count="0"/>
        <line num="15" type="stmt" count="0"/>
        <line num="17" type="stmt" count="0"/>
        <line num="18" type="stmt" count="0"/>
        <line num="19" type="stmt" count="0"/>
        <line num="20" type="stmt" count="0"/>
        <line num="21" type="stmt" count="0"/>
        <line num="22" type="stmt" count="0"/>
        <line num="23" type="stmt" count="0"/>
        <line num="24" type="stmt" count="0"/>
        <line num="25" type="stmt" count="0"/>
        <line num="27" type="stmt" count="0"/>
        <line num="28" type="stmt" count="0"/>
        <line num="29" type="stmt" count="0"/>
        <line num="30" type="stmt" count="0"/>
        <line num="31" type="stmt" count="0"/>
        <line num="32" type="stmt" count="0"/>
        <line num="33" type="stmt" count="0"/>
        <line num="34" type="stmt" count="0"/>
        <line num="35" type="stmt" count="0"/>
        <line num="37" type="stmt" count="0"/>
        <line num="38" type="stmt" count="0"/>
        <line num="39" type="stmt" count="0"/>
        <line num="40" type="stmt" count="0"/>
        <line num="41" type="stmt" count="0"/>
        <line num="42" type="stmt" count="0"/>
        <line num="43" type="stmt" count="0"/>
        <line num="44" type="stmt" count="0"/>
        <line num="45" type="stmt" count="0"/>
        <line num="47" type="stmt" count="0"/>
        <line num="48" type="stmt" count="0"/>
        <line num="49" type="stmt" count="0"/>
        <line num="50" type="stmt" count="0"/>
        <line num="51" type="stmt" count="0"/>
        <line num="52" type="stmt" count="0"/>
        <line num="53" type="stmt" count="0"/>
        <line num="54" type="stmt" count="0"/>
        <line num="55" type="stmt" count="0"/>
        <line num="57" type="stmt" count="0"/>
        <line num="58" type="stmt" count="0"/>
        <line num="59" type="stmt" count="0"/>
        <line num="60" type="stmt" count="0"/>
        <line num="61" type="stmt" count="0"/>
        <line num="63" type="stmt" count="0"/>
        <line num="64" type="stmt" count="0"/>
        <line num="65" type="stmt" count="0"/>
        <line num="66" type="stmt" count="0"/>
        <line num="67" type="stmt" count="0"/>
        <line num="69" type="stmt" count="0"/>
        <line num="70" type="stmt" count="0"/>
        <line num="71" type="stmt" count="0"/>
        <line num="72" type="stmt" count="0"/>
        <line num="73" type="stmt" count="0"/>
        <line num="75" type="stmt" count="0"/>
        <line num="76" type="stmt" count="0"/>
        <line num="77" type="stmt" count="0"/>
        <line num="78" type="stmt" count="0"/>
        <line num="79" type="stmt" count="0"/>
        <line num="81" type="stmt" count="0"/>
        <line num="82" type="stmt" count="0"/>
        <line num="84" type="method" name="setInputFilter" visibility="public" complexity="1" crap="2" count="0"/>
        <line num="85" type="stmt" count="0"/>
        <line num="86" type="stmt" count="0"/>
        <line num="87" type="stmt" count="0"/>
        <metrics loc="87" ncloc="87" classes="1" methods="2" coveredmethods="0" conditionals="0" coveredconditionals="0" statements="63" coveredstatements="0" elements="65" coveredelements="0"/>
      </file>
    </package>
    <package name="Page\Mapper">
      <file name="/var/www/unfinished/packages/Page/src/Mapper/PageMapper.php">
        <class name="PageMapper" namespace="Page\Mapper">
          <metrics complexity="4" methods="4" coveredmethods="0" conditionals="0" coveredconditionals="0" statements="17" coveredstatements="0" elements="21" coveredelements="0"/>
        </class>
        <line num="14" type="method" name="setDbAdapter" visibility="public" complexity="1" crap="2" count="0"/>
        <line num="15" type="stmt" count="0"/>
        <line num="16" type="stmt" count="0"/>
        <line num="17" type="stmt" count="0"/>
        <line num="19" type="method" name="__construct" visibility="public" complexity="1" crap="2" count="0"/>
        <line num="20" type="stmt" count="0"/>
        <line num="21" type="stmt" count="0"/>
        <line num="22" type="stmt" count="0"/>
        <line num="23" type="stmt" count="0"/>
        <line num="24" type="stmt" count="0"/>
        <line num="26" type="method" name="getPaginationSelect" visibility="public" complexity="1" crap="2" count="0"/>
        <line num="27" type="stmt" count="0"/>
        <line num="28" type="stmt" count="0"/>
        <line num="29" type="stmt" count="0"/>
        <line num="30" type="stmt" count="0"/>
        <line num="31" type="stmt" count="0"/>
        <line num="32" type="stmt" count="0"/>
        <line num="34" type="method" name="getActivePage" visibility="public" complexity="1" crap="2" count="0"/>
        <line num="35" type="stmt" count="0"/>
        <line num="36" type="stmt" count="0"/>
        <line num="37" type="stmt" count="0"/>
        <metrics loc="37" ncloc="37" classes="1" methods="4" coveredmethods="0" conditionals="0" coveredconditionals="0" statements="17" coveredstatements="0" elements="21" coveredelements="0"/>
      </file>
      <file name="/var/www/unfinished/packages/Page/src/Mapper/PageMapperFactory.php">
        <class name="PageMapperFactory" namespace="Page\Mapper">
          <metrics complexity="1" methods="1" coveredmethods="0" conditionals="0" coveredconditionals="0" statements="5" coveredstatements="0" elements="6" coveredelements="0"/>
        </class>
        <line num="13" type="method" name="__invoke" visibility="public" complexity="1" crap="2" count="0"/>
        <line num="14" type="stmt" count="0"/>
        <line num="15" type="stmt" count="0"/>
        <line num="16" type="stmt" count="0"/>
        <line num="18" type="stmt" count="0"/>
        <line num="19" type="stmt" count="0"/>
        <metrics loc="20" ncloc="20" classes="1" methods="1" coveredmethods="0" conditionals="0" coveredconditionals="0" statements="5" coveredstatements="0" elements="6" coveredelements="0"/>
      </file>
    </package>
    <package name="Page\Service">
      <file name="/var/www/unfinished/packages/Page/src/Service/PageService.php">
        <class name="PageService" namespace="Page\Service">
          <metrics complexity="15" methods="8" coveredmethods="0" conditionals="0" coveredconditionals="0" statements="70" coveredstatements="0" elements="78" coveredelements="0"/>
        </class>
        <line num="21" type="method" name="__construct" visibility="public" complexity="1" crap="2" count="0"/>
        <line num="22" type="stmt" count="0"/>
        <line num="23" type="stmt" count="0"/>
        <line num="24" type="stmt" count="0"/>
        <line num="25" type="stmt" count="0"/>
        <line num="26" type="stmt" count="0"/>
        <line num="27" type="stmt" count="0"/>
        <line num="28" type="stmt" count="0"/>
        <line num="29" type="stmt" count="0"/>
        <line num="31" type="method" name="getPagination" visibility="public" complexity="1" crap="2" count="0"/>
        <line num="32" type="stmt" count="0"/>
        <line num="33" type="stmt" count="0"/>
        <line num="34" type="stmt" count="0"/>
        <line num="35" type="stmt" count="0"/>
        <line num="36" type="stmt" count="0"/>
        <line num="37" type="stmt" count="0"/>
        <line num="39" type="stmt" count="0"/>
        <line num="40" type="stmt" count="0"/>
        <line num="42" type="stmt" count="0"/>
        <line num="43" type="stmt" count="0"/>
        <line num="50" type="method" name="getPage" visibility="public" complexity="1" crap="2" count="0"/>
        <line num="51" type="stmt" count="0"/>
        <line num="52" type="stmt" count="0"/>
        <line num="53" type="stmt" count="0"/>
        <line num="60" type="method" name="getPageBySlug" visibility="public" complexity="1" crap="2" count="0"/>
        <line num="61" type="stmt" count="0"/>
        <line num="62" type="stmt" count="0"/>
        <line num="63" type="stmt" count="0"/>
        <line num="68" type="method" name="getHomepage" visibility="public" complexity="1" crap="2" count="0"/>
        <line num="69" type="stmt" count="0"/>
        <line num="70" type="stmt" count="0"/>
        <line num="71" type="stmt" count="0"/>
        <line num="79" type="method" name="createPage" visibility="public" complexity="3" crap="12" count="0"/>
        <line num="80" type="stmt" count="0"/>
        <line num="81" type="stmt" count="0"/>
        <line num="83" type="stmt" count="0"/>
        <line num="84" type="stmt" count="0"/>
        <line num="85" type="stmt" count="0"/>
        <line num="87" type="stmt" count="0"/>
        <line num="88" type="stmt" count="0"/>
        <line num="89" type="stmt" count="0"/>
        <line num="90" type="stmt" count="0"/>
        <line num="91" type="stmt" count="0"/>
        <line num="93" type="stmt" count="0"/>
        <line num="94" type="stmt" count="0"/>
        <line num="95" type="stmt" count="0"/>
        <line num="97" type="stmt" count="0"/>
        <line num="98" type="stmt" count="0"/>
        <line num="100" type="method" name="updatePage" visibility="public" complexity="5" crap="30" count="0"/>
        <line num="101" type="stmt" count="0"/>
        <line num="102" type="stmt" count="0"/>
        <line num="103" type="stmt" count="0"/>
        <line num="104" type="stmt" count="0"/>
        <line num="106" type="stmt" count="0"/>
        <line num="108" type="stmt" count="0"/>
        <line num="109" type="stmt" count="0"/>
        <line num="110" type="stmt" count="0"/>
        <line num="112" type="stmt" count="0"/>
        <line num="113" type="stmt" count="0"/>
        <line num="116" type="stmt" count="0"/>
        <line num="117" type="stmt" count="0"/>
        <line num="118" type="stmt" count="0"/>
        <line num="119" type="stmt" count="0"/>
        <line num="120" type="stmt" count="0"/>
        <line num="121" type="stmt" count="0"/>
        <line num="123" type="stmt" count="0"/>
        <line num="124" type="stmt" count="0"/>
        <line num="125" type="stmt" count="0"/>
        <line num="127" type="stmt" count="0"/>
        <line num="128" type="stmt" count="0"/>
        <line num="130" type="method" name="delete" visibility="public" complexity="2" crap="6" count="0"/>
        <line num="131" type="stmt" count="0"/>
        <line num="132" type="stmt" count="0"/>
        <line num="133" type="stmt" count="0"/>
        <line num="134" type="stmt" count="0"/>
        <line num="136" type="stmt" count="0"/>
        <line num="138" type="stmt" count="0"/>
        <line num="139" type="stmt" count="0"/>
        <metrics loc="139" ncloc="118" classes="1" methods="8" coveredmethods="0" conditionals="0" coveredconditionals="0" statements="70" coveredstatements="0" elements="78" coveredelements="0"/>
      </file>
      <file name="/var/www/unfinished/packages/Page/src/Service/PageServiceFactory.php">
        <class name="PageServiceFactory" namespace="Page\Service">
          <metrics complexity="1" methods="1" coveredmethods="0" conditionals="0" coveredconditionals="0" statements="9" coveredstatements="0" elements="10" coveredelements="0"/>
        </class>
        <line num="12" type="method" name="__invoke" visibility="public" complexity="1" crap="2" count="0"/>
        <line num="13" type="stmt" count="0"/>
        <line num="14" type="stmt" count="0"/>
        <line num="15" type="stmt" count="0"/>
        <line num="17" type="stmt" count="0"/>
        <line num="18" type="stmt" count="0"/>
        <line num="19" type="stmt" count="0"/>
        <line num="20" type="stmt" count="0"/>
        <line num="21" type="stmt" count="0"/>
        <line num="22" type="stmt" count="0"/>
        <metrics loc="23" ncloc="23" classes="1" methods="1" coveredmethods="0" conditionals="0" coveredconditionals="0" statements="9" coveredstatements="0" elements="10" coveredelements="0"/>
      </file>
    </package>
    <metrics files="9" loc="687" ncloc="615" classes="9" methods="48" coveredmethods="0" conditionals="0" coveredconditionals="0" statements="359" coveredstatements="0" elements="407" coveredelements="0"/>
  </project>
</coverage>
